<?xml version="1.0" encoding="UTF-8"?>
<!-- Generated by org.testng.reporters.JUnitReportReporter -->
<testsuite hostname="OF060C21ETMD6NT" failures="0" tests="2" name="org.framwork.runners.TestRunner" time="27.041" errors="0" timestamp="2025-08-29T13:16:35 IST" skipped="0">
  <testcase classname="org.framwork.runners.TestRunner" name="runScenario" time="14.243"/>
  <system-out/>
  <testcase classname="org.framwork.runners.TestRunner" name="runScenario" time="12.798"/>
  <system-out/>
</testsuite> <!-- org.framwork.runners.TestRunner -->
